[2020-02-17 16:42:41,020] INFO Starting the log cleaner (kafka.log.LogCleaner)
[2020-02-17 16:42:41,100] INFO [kafka-log-cleaner-thread-0]: Starting (kafka.log.LogCleaner)
[2020-02-17 16:42:56,135] INFO Cleaner 0: Beginning cleaning of log __consumer_offsets-13. (kafka.log.LogCleaner)
[2020-02-17 16:42:56,135] INFO Cleaner 0: Building offset map for __consumer_offsets-13... (kafka.log.LogCleaner)
[2020-02-17 16:42:56,160] INFO Cleaner 0: Building offset map for log __consumer_offsets-13 for 1 segments in offset range [0, 56). (kafka.log.LogCleaner)
[2020-02-17 16:42:56,181] INFO Cleaner 0: Offset map for log __consumer_offsets-13 complete. (kafka.log.LogCleaner)
[2020-02-17 16:42:56,183] INFO Cleaner 0: Cleaning log __consumer_offsets-13 (cleaning prior to Mon Feb 03 11:31:54 IST 2020, discarding tombstones prior to Thu Jan 01 02:00:00 IST 1970)... (kafka.log.LogCleaner)
[2020-02-17 16:42:56,188] INFO Cleaner 0: Cleaning segment 0 in log __consumer_offsets-13 (largest timestamp Mon Feb 03 11:31:54 IST 2020) into 0, retaining deletes. (kafka.log.LogCleaner)
[2020-02-17 16:42:56,199] INFO Cleaner 0: Swapping in cleaned segment LogSegment(baseOffset=0, size=331) for segment(s) List(LogSegment(baseOffset=0, size=10124)) in log Log(C:\tmp\kafka-logs\__consumer_offsets-13) (kafka.log.LogCleaner)
[2020-02-17 16:42:56,222] INFO Cleaner 0: Beginning cleaning of log __consumer_offsets-13. (kafka.log.LogCleaner)
[2020-02-17 16:42:56,223] INFO Cleaner 0: Building offset map for __consumer_offsets-13... (kafka.log.LogCleaner)
[2020-02-17 16:42:56,258] INFO Cleaner 0: Building offset map for log __consumer_offsets-13 for 1 segments in offset range [0, 56). (kafka.log.LogCleaner)
[2020-02-17 16:42:56,262] INFO Cleaner 0: Offset map for log __consumer_offsets-13 complete. (kafka.log.LogCleaner)
[2020-02-17 16:42:56,263] INFO Cleaner 0: Cleaning log __consumer_offsets-13 (cleaning prior to Mon Feb 03 11:31:54 IST 2020, discarding tombstones prior to Thu Jan 01 02:00:00 IST 1970)... (kafka.log.LogCleaner)
[2020-02-17 16:46:03,241] INFO Starting the log cleaner (kafka.log.LogCleaner)
[2020-02-17 16:46:03,314] INFO [kafka-log-cleaner-thread-0]: Starting (kafka.log.LogCleaner)
[2020-02-17 16:46:03,336] INFO Cleaner 0: Beginning cleaning of log __consumer_offsets-13. (kafka.log.LogCleaner)
[2020-02-17 16:46:03,336] INFO Cleaner 0: Building offset map for __consumer_offsets-13... (kafka.log.LogCleaner)
[2020-02-17 16:46:03,362] INFO Cleaner 0: Building offset map for log __consumer_offsets-13 for 1 segments in offset range [0, 56). (kafka.log.LogCleaner)
[2020-02-17 16:46:03,395] INFO Cleaner 0: Offset map for log __consumer_offsets-13 complete. (kafka.log.LogCleaner)
[2020-02-17 16:46:03,401] INFO Cleaner 0: Cleaning log __consumer_offsets-13 (cleaning prior to Mon Feb 03 11:31:54 IST 2020, discarding tombstones prior to Thu Jan 01 02:00:00 IST 1970)... (kafka.log.LogCleaner)
[2020-02-17 16:46:03,420] INFO Cleaner 0: Cleaning segment 0 in log __consumer_offsets-13 (largest timestamp Mon Feb 03 11:31:54 IST 2020) into 0, retaining deletes. (kafka.log.LogCleaner)
[2020-02-17 16:46:03,442] INFO Cleaner 0: Swapping in cleaned segment LogSegment(baseOffset=0, size=331) for segment(s) List(LogSegment(baseOffset=0, size=10124)) in log Log(C:\tmp\kafka-logs\__consumer_offsets-13) (kafka.log.LogCleaner)
[2020-02-17 16:46:03,485] INFO Cleaner 0: Beginning cleaning of log __consumer_offsets-13. (kafka.log.LogCleaner)
[2020-02-17 16:46:03,485] INFO Cleaner 0: Building offset map for __consumer_offsets-13... (kafka.log.LogCleaner)
[2020-02-17 16:46:03,518] INFO Cleaner 0: Building offset map for log __consumer_offsets-13 for 1 segments in offset range [0, 56). (kafka.log.LogCleaner)
[2020-02-17 16:46:03,523] INFO Cleaner 0: Offset map for log __consumer_offsets-13 complete. (kafka.log.LogCleaner)
[2020-02-17 16:46:03,523] INFO Cleaner 0: Cleaning log __consumer_offsets-13 (cleaning prior to Mon Feb 03 11:31:54 IST 2020, discarding tombstones prior to Thu Jan 01 02:00:00 IST 1970)... (kafka.log.LogCleaner)
[2020-02-17 16:46:03,537] INFO Cleaner 0: Beginning cleaning of log __consumer_offsets-13. (kafka.log.LogCleaner)
[2020-02-17 16:46:03,537] INFO Cleaner 0: Building offset map for __consumer_offsets-13... (kafka.log.LogCleaner)
[2020-02-17 16:46:03,567] INFO Cleaner 0: Building offset map for log __consumer_offsets-13 for 1 segments in offset range [0, 56). (kafka.log.LogCleaner)
[2020-02-17 16:46:03,572] INFO Cleaner 0: Offset map for log __consumer_offsets-13 complete. (kafka.log.LogCleaner)
[2020-02-17 16:46:03,573] INFO Cleaner 0: Cleaning log __consumer_offsets-13 (cleaning prior to Mon Feb 03 11:31:54 IST 2020, discarding tombstones prior to Thu Jan 01 02:00:00 IST 1970)... (kafka.log.LogCleaner)
[2020-02-17 16:46:03,593] INFO Cleaner 0: Beginning cleaning of log __consumer_offsets-13. (kafka.log.LogCleaner)
[2020-02-17 16:46:03,593] INFO Cleaner 0: Building offset map for __consumer_offsets-13... (kafka.log.LogCleaner)
[2020-02-17 16:46:03,627] INFO Cleaner 0: Building offset map for log __consumer_offsets-13 for 1 segments in offset range [0, 56). (kafka.log.LogCleaner)
[2020-02-17 16:46:03,631] INFO Cleaner 0: Offset map for log __consumer_offsets-13 complete. (kafka.log.LogCleaner)
[2020-02-17 16:46:03,632] INFO Cleaner 0: Cleaning log __consumer_offsets-13 (cleaning prior to Mon Feb 03 11:31:54 IST 2020, discarding tombstones prior to Thu Jan 01 02:00:00 IST 1970)... (kafka.log.LogCleaner)
[2020-02-17 16:46:03,648] INFO Cleaner 0: Beginning cleaning of log __consumer_offsets-13. (kafka.log.LogCleaner)
[2020-02-17 16:46:03,648] INFO Cleaner 0: Building offset map for __consumer_offsets-13... (kafka.log.LogCleaner)
[2020-02-17 16:46:03,677] INFO Cleaner 0: Building offset map for log __consumer_offsets-13 for 1 segments in offset range [0, 56). (kafka.log.LogCleaner)
[2020-02-17 16:46:03,681] INFO Cleaner 0: Offset map for log __consumer_offsets-13 complete. (kafka.log.LogCleaner)
[2020-02-17 16:46:03,682] INFO Cleaner 0: Cleaning log __consumer_offsets-13 (cleaning prior to Mon Feb 03 11:31:54 IST 2020, discarding tombstones prior to Thu Jan 01 02:00:00 IST 1970)... (kafka.log.LogCleaner)
[2020-02-17 16:46:03,703] INFO Cleaner 0: Beginning cleaning of log __consumer_offsets-13. (kafka.log.LogCleaner)
[2020-02-17 16:46:03,703] INFO Cleaner 0: Building offset map for __consumer_offsets-13... (kafka.log.LogCleaner)
[2020-02-17 16:46:47,919] INFO Starting the log cleaner (kafka.log.LogCleaner)
[2020-02-17 16:46:47,998] INFO [kafka-log-cleaner-thread-0]: Starting (kafka.log.LogCleaner)
[2020-02-17 16:46:48,022] INFO Cleaner 0: Beginning cleaning of log __consumer_offsets-13. (kafka.log.LogCleaner)
[2020-02-17 16:46:48,023] INFO Cleaner 0: Building offset map for __consumer_offsets-13... (kafka.log.LogCleaner)
[2020-02-17 16:46:48,047] INFO Cleaner 0: Building offset map for log __consumer_offsets-13 for 1 segments in offset range [0, 56). (kafka.log.LogCleaner)
[2020-02-17 16:46:48,076] INFO Cleaner 0: Offset map for log __consumer_offsets-13 complete. (kafka.log.LogCleaner)
[2020-02-17 16:46:48,078] INFO Cleaner 0: Cleaning log __consumer_offsets-13 (cleaning prior to Mon Feb 03 11:31:54 IST 2020, discarding tombstones prior to Thu Jan 01 02:00:00 IST 1970)... (kafka.log.LogCleaner)
[2020-02-17 16:46:48,085] INFO Cleaner 0: Cleaning segment 0 in log __consumer_offsets-13 (largest timestamp Mon Feb 03 11:31:54 IST 2020) into 0, retaining deletes. (kafka.log.LogCleaner)
[2020-02-17 16:46:48,115] INFO Cleaner 0: Swapping in cleaned segment LogSegment(baseOffset=0, size=331) for segment(s) List(LogSegment(baseOffset=0, size=10124)) in log Log(C:\tmp\kafka-logs\__consumer_offsets-13) (kafka.log.LogCleaner)
[2020-02-17 16:46:48,162] INFO Cleaner 0: Beginning cleaning of log __consumer_offsets-13. (kafka.log.LogCleaner)
[2020-02-17 16:46:48,162] INFO Cleaner 0: Building offset map for __consumer_offsets-13... (kafka.log.LogCleaner)
[2020-02-17 16:46:48,189] INFO Cleaner 0: Building offset map for log __consumer_offsets-13 for 1 segments in offset range [0, 56). (kafka.log.LogCleaner)
[2020-02-17 16:46:48,194] INFO Cleaner 0: Offset map for log __consumer_offsets-13 complete. (kafka.log.LogCleaner)
[2020-02-17 16:46:48,194] INFO Cleaner 0: Cleaning log __consumer_offsets-13 (cleaning prior to Mon Feb 03 11:31:54 IST 2020, discarding tombstones prior to Thu Jan 01 02:00:00 IST 1970)... (kafka.log.LogCleaner)
[2020-02-17 16:46:48,213] INFO Cleaner 0: Beginning cleaning of log __consumer_offsets-13. (kafka.log.LogCleaner)
[2020-02-17 16:46:48,213] INFO Cleaner 0: Building offset map for __consumer_offsets-13... (kafka.log.LogCleaner)
[2020-02-17 16:46:48,241] INFO Cleaner 0: Building offset map for log __consumer_offsets-13 for 1 segments in offset range [0, 56). (kafka.log.LogCleaner)
[2020-02-17 16:46:48,245] INFO Cleaner 0: Offset map for log __consumer_offsets-13 complete. (kafka.log.LogCleaner)
[2020-02-17 16:46:48,246] INFO Cleaner 0: Cleaning log __consumer_offsets-13 (cleaning prior to Mon Feb 03 11:31:54 IST 2020, discarding tombstones prior to Thu Jan 01 02:00:00 IST 1970)... (kafka.log.LogCleaner)
[2020-02-17 16:46:48,263] INFO Cleaner 0: Beginning cleaning of log __consumer_offsets-13. (kafka.log.LogCleaner)
[2020-02-17 16:46:48,263] INFO Cleaner 0: Building offset map for __consumer_offsets-13... (kafka.log.LogCleaner)
[2020-02-17 16:46:48,288] INFO Cleaner 0: Building offset map for log __consumer_offsets-13 for 1 segments in offset range [0, 56). (kafka.log.LogCleaner)
[2020-02-17 16:46:48,293] INFO Cleaner 0: Offset map for log __consumer_offsets-13 complete. (kafka.log.LogCleaner)
[2020-02-17 16:46:48,293] INFO Cleaner 0: Cleaning log __consumer_offsets-13 (cleaning prior to Mon Feb 03 11:31:54 IST 2020, discarding tombstones prior to Thu Jan 01 02:00:00 IST 1970)... (kafka.log.LogCleaner)
[2020-02-17 16:46:48,309] INFO Cleaner 0: Beginning cleaning of log __consumer_offsets-13. (kafka.log.LogCleaner)
[2020-02-17 16:46:48,309] INFO Cleaner 0: Building offset map for __consumer_offsets-13... (kafka.log.LogCleaner)
[2020-02-17 16:46:48,335] INFO Cleaner 0: Building offset map for log __consumer_offsets-13 for 1 segments in offset range [0, 56). (kafka.log.LogCleaner)
[2020-02-17 16:46:48,339] INFO Cleaner 0: Offset map for log __consumer_offsets-13 complete. (kafka.log.LogCleaner)
[2020-02-17 16:46:48,340] INFO Cleaner 0: Cleaning log __consumer_offsets-13 (cleaning prior to Mon Feb 03 11:31:54 IST 2020, discarding tombstones prior to Thu Jan 01 02:00:00 IST 1970)... (kafka.log.LogCleaner)
[2020-02-17 16:46:48,356] INFO Cleaner 0: Beginning cleaning of log __consumer_offsets-13. (kafka.log.LogCleaner)
[2020-02-17 16:46:48,356] INFO Cleaner 0: Building offset map for __consumer_offsets-13... (kafka.log.LogCleaner)
[2020-02-17 16:46:48,379] INFO Cleaner 0: Building offset map for log __consumer_offsets-13 for 1 segments in offset range [0, 56). (kafka.log.LogCleaner)
[2020-02-17 16:46:48,382] INFO Cleaner 0: Offset map for log __consumer_offsets-13 complete. (kafka.log.LogCleaner)
[2020-02-17 16:46:48,382] INFO Cleaner 0: Cleaning log __consumer_offsets-13 (cleaning prior to Mon Feb 03 11:31:54 IST 2020, discarding tombstones prior to Thu Jan 01 02:00:00 IST 1970)... (kafka.log.LogCleaner)
[2020-02-17 16:46:48,393] INFO Cleaner 0: Beginning cleaning of log __consumer_offsets-13. (kafka.log.LogCleaner)
[2020-02-17 16:46:48,393] INFO Cleaner 0: Building offset map for __consumer_offsets-13... (kafka.log.LogCleaner)
[2020-02-17 16:46:48,415] INFO Cleaner 0: Building offset map for log __consumer_offsets-13 for 1 segments in offset range [0, 56). (kafka.log.LogCleaner)
[2020-02-17 16:46:48,419] INFO Cleaner 0: Offset map for log __consumer_offsets-13 complete. (kafka.log.LogCleaner)
[2020-02-17 16:46:48,420] INFO Cleaner 0: Cleaning log __consumer_offsets-13 (cleaning prior to Mon Feb 03 11:31:54 IST 2020, discarding tombstones prior to Thu Jan 01 02:00:00 IST 1970)... (kafka.log.LogCleaner)
[2020-02-17 16:46:48,433] INFO Cleaner 0: Beginning cleaning of log __consumer_offsets-13. (kafka.log.LogCleaner)
[2020-02-17 16:46:48,433] INFO Cleaner 0: Building offset map for __consumer_offsets-13... (kafka.log.LogCleaner)
[2020-02-17 16:47:38,319] INFO Starting the log cleaner (kafka.log.LogCleaner)
[2020-02-17 16:47:38,379] INFO [kafka-log-cleaner-thread-0]: Starting (kafka.log.LogCleaner)
[2020-02-17 17:21:40,813] INFO Starting the log cleaner (kafka.log.LogCleaner)
[2020-02-17 17:21:40,895] INFO [kafka-log-cleaner-thread-0]: Starting (kafka.log.LogCleaner)
[2020-02-17 17:26:22,460] INFO Starting the log cleaner (kafka.log.LogCleaner)
[2020-02-17 17:26:22,521] INFO [kafka-log-cleaner-thread-0]: Starting (kafka.log.LogCleaner)
