[2020-02-20 08:58:08,533] WARN Client session timed out, have not heard from server in 54123010ms for sessionid 0x1000167d2c90004 (org.apache.zookeeper.ClientCnxn)
[2020-02-20 08:58:08,963] INFO Client session timed out, have not heard from server in 54123010ms for sessionid 0x1000167d2c90004, closing socket connection and attempting reconnect (org.apache.zookeeper.ClientCnxn)
[2020-02-20 08:58:08,620] INFO Expiring session 0x1000167d2c90004, timeout of 6000ms exceeded (org.apache.zookeeper.server.ZooKeeperServer)
[2020-02-20 08:58:09,054] WARN Unable to read additional data from client sessionid 0x1000167d2c90004, likely client has closed socket (org.apache.zookeeper.server.NIOServerCnxn)
[2020-02-20 08:58:09,098] INFO Processed session termination for sessionid: 0x1000167d2c90004 (org.apache.zookeeper.server.PrepRequestProcessor)
[2020-02-20 08:58:09,155] INFO Closed socket connection for client /0:0:0:0:0:0:0:1:3381 which had sessionid 0x1000167d2c90004 (org.apache.zookeeper.server.NIOServerCnxn)
[2020-02-20 08:58:08,936] INFO [GroupCoordinator 0]: Member consumer-7-bdebfa1c-8f8f-4e77-89a3-c7c6ac92c220 in group group_id has failed, removing it from the group (kafka.coordinator.group.GroupCoordinator)
[2020-02-20 08:58:09,659] INFO [GroupCoordinator 0]: Preparing to rebalance group group_id in state PreparingRebalance with old generation 142 (__consumer_offsets-13) (reason: removing member consumer-7-bdebfa1c-8f8f-4e77-89a3-c7c6ac92c220 on heartbeat expiration) (kafka.coordinator.group.GroupCoordinator)
[2020-02-20 08:58:09,905] INFO [GroupCoordinator 0]: Member consumer-1-f1570b00-6c39-43fe-b313-5afdbdba7d9d in group group_id has failed, removing it from the group (kafka.coordinator.group.GroupCoordinator)
[2020-02-20 08:58:10,264] INFO [GroupCoordinator 0]: Group group_id with generation 143 is now empty (__consumer_offsets-13) (kafka.coordinator.group.GroupCoordinator)
[2020-02-20 08:58:10,373] INFO [GroupCoordinator 0]: Preparing to rebalance group group_id in state PreparingRebalance with old generation 143 (__consumer_offsets-13) (reason: Adding new member consumer-1-7ce00564-5b66-470e-92f1-e96f62bb2dc7) (kafka.coordinator.group.GroupCoordinator)
[2020-02-20 08:58:10,477] INFO [GroupCoordinator 0]: Stabilized group group_id generation 144 (__consumer_offsets-13) (kafka.coordinator.group.GroupCoordinator)
[2020-02-20 08:58:10,619] INFO [GroupCoordinator 0]: Assignment received from leader for group group_id for generation 144 (kafka.coordinator.group.GroupCoordinator)
[2020-02-20 08:58:10,812] INFO Opening socket connection to server localhost/0:0:0:0:0:0:0:1:2181. Will not attempt to authenticate using SASL (unknown error) (org.apache.zookeeper.ClientCnxn)
[2020-02-20 08:58:11,067] INFO Accepted socket connection from /0:0:0:0:0:0:0:1:3361 (org.apache.zookeeper.server.NIOServerCnxnFactory)
[2020-02-20 08:58:11,065] INFO Socket connection established to localhost/0:0:0:0:0:0:0:1:2181, initiating session (org.apache.zookeeper.ClientCnxn)
[2020-02-20 08:58:11,072] INFO [GroupCoordinator 0]: Preparing to rebalance group group_id in state PreparingRebalance with old generation 144 (__consumer_offsets-13) (reason: Adding new member consumer-7-3c429c61-5201-4864-9846-1fe3c79117b4) (kafka.coordinator.group.GroupCoordinator)
[2020-02-20 08:58:11,192] INFO Client attempting to renew session 0x1000167d2c90004 at /0:0:0:0:0:0:0:1:3361 (org.apache.zookeeper.server.ZooKeeperServer)
[2020-02-20 08:58:11,242] INFO Invalid session 0x1000167d2c90004 for client /0:0:0:0:0:0:0:1:3361, probably expired (org.apache.zookeeper.server.ZooKeeperServer)
[2020-02-20 08:58:11,244] INFO Closed socket connection for client /0:0:0:0:0:0:0:1:3361 which had sessionid 0x1000167d2c90004 (org.apache.zookeeper.server.NIOServerCnxn)
[2020-02-20 08:58:11,243] WARN Unable to reconnect to ZooKeeper service, session 0x1000167d2c90004 has expired (org.apache.zookeeper.ClientCnxn)
[2020-02-20 08:58:11,245] INFO [ZooKeeperClient] Session expired. (kafka.zookeeper.ZooKeeperClient)
[2020-02-20 08:58:11,350] INFO [ZooKeeperClient] Initializing a new session to localhost:2181. (kafka.zookeeper.ZooKeeperClient)
[2020-02-20 08:58:11,244] INFO EventThread shut down for session: 0x1000167d2c90004 (org.apache.zookeeper.ClientCnxn)
[2020-02-20 08:58:11,287] INFO Unable to reconnect to ZooKeeper service, session 0x1000167d2c90004 has expired, closing socket connection (org.apache.zookeeper.ClientCnxn)
[2020-02-20 08:58:11,483] INFO Initiating client connection, connectString=localhost:2181 sessionTimeout=6000 watcher=kafka.zookeeper.ZooKeeperClient$ZooKeeperClientWatcher$@769f71a9 (org.apache.zookeeper.ZooKeeper)
[2020-02-20 08:58:12,573] INFO Creating /brokers/ids/0 (is it secure? false) (kafka.zk.KafkaZkClient)
[2020-02-20 08:58:12,972] INFO Opening socket connection to server localhost/0:0:0:0:0:0:0:1:2181. Will not attempt to authenticate using SASL (unknown error) (org.apache.zookeeper.ClientCnxn)
[2020-02-20 08:58:13,122] INFO Accepted socket connection from /0:0:0:0:0:0:0:1:3368 (org.apache.zookeeper.server.NIOServerCnxnFactory)
[2020-02-20 08:58:13,122] INFO Socket connection established to localhost/0:0:0:0:0:0:0:1:2181, initiating session (org.apache.zookeeper.ClientCnxn)
[2020-02-20 08:58:13,179] INFO Client attempting to establish new session at /0:0:0:0:0:0:0:1:3368 (org.apache.zookeeper.server.ZooKeeperServer)
[2020-02-20 08:58:13,199] INFO Established session 0x1000167d2c90005 with negotiated timeout 6000 for client /0:0:0:0:0:0:0:1:3368 (org.apache.zookeeper.server.ZooKeeperServer)
[2020-02-20 08:58:13,199] INFO Session establishment complete on server localhost/0:0:0:0:0:0:0:1:2181, sessionid = 0x1000167d2c90005, negotiated timeout = 6000 (org.apache.zookeeper.ClientCnxn)
[2020-02-20 08:58:13,298] INFO Stat of the created znode at /brokers/ids/0 is: 167,167,1582181893238,1582181893238,1,0,0,72059139467575301,222,0,167
 (kafka.zk.KafkaZkClient)
[2020-02-20 08:58:13,465] INFO Registered broker 0 at path /brokers/ids/0 with addresses: ArrayBuffer(EndPoint(aviramco02.corp.amdocs.com,9092,ListenerName(PLAINTEXT),PLAINTEXT)), czxid (broker epoch): 167 (kafka.zk.KafkaZkClient)
[2020-02-20 08:58:13,761] INFO Got user-level KeeperException when processing sessionid:0x1000167d2c90005 type:multi cxid:0x4d zxid:0xa9 txntype:-1 reqpath:n/a aborting remaining multi ops. Error Path:/admin/preferred_replica_election Error:KeeperErrorCode = NoNode for /admin/preferred_replica_election (org.apache.zookeeper.server.PrepRequestProcessor)
[2020-02-20 08:58:13,991] INFO [GroupCoordinator 0]: Stabilized group group_id generation 145 (__consumer_offsets-13) (kafka.coordinator.group.GroupCoordinator)
[2020-02-20 08:58:14,496] INFO [GroupCoordinator 0]: Assignment received from leader for group group_id for generation 145 (kafka.coordinator.group.GroupCoordinator)
[2020-02-20 08:58:23,503] INFO [GroupMetadataManager brokerId=0] Removed 0 expired offsets in 2 milliseconds. (kafka.coordinator.group.GroupMetadataManager)
[2020-02-20 08:58:23,596] INFO [GroupMetadataManager brokerId=0] Removed 0 expired offsets in 0 milliseconds. (kafka.coordinator.group.GroupMetadataManager)
[2020-02-20 08:58:23,657] INFO [GroupMetadataManager brokerId=0] Removed 0 expired offsets in 1 milliseconds. (kafka.coordinator.group.GroupMetadataManager)
[2020-02-20 08:58:23,756] INFO [GroupMetadataManager brokerId=0] Removed 0 expired offsets in 0 milliseconds. (kafka.coordinator.group.GroupMetadataManager)
[2020-02-20 08:58:23,833] INFO [GroupMetadataManager brokerId=0] Removed 0 expired offsets in 0 milliseconds. (kafka.coordinator.group.GroupMetadataManager)
[2020-02-20 08:58:23,933] INFO [GroupMetadataManager brokerId=0] Removed 0 expired offsets in 0 milliseconds. (kafka.coordinator.group.GroupMetadataManager)
[2020-02-20 08:58:23,980] INFO [GroupMetadataManager brokerId=0] Removed 0 expired offsets in 0 milliseconds. (kafka.coordinator.group.GroupMetadataManager)
[2020-02-20 08:58:24,020] INFO [GroupMetadataManager brokerId=0] Removed 0 expired offsets in 0 milliseconds. (kafka.coordinator.group.GroupMetadataManager)
[2020-02-20 08:58:24,092] INFO [GroupMetadataManager brokerId=0] Removed 0 expired offsets in 0 milliseconds. (kafka.coordinator.group.GroupMetadataManager)
[2020-02-20 08:58:24,237] INFO [GroupMetadataManager brokerId=0] Removed 0 expired offsets in 0 milliseconds. (kafka.coordinator.group.GroupMetadataManager)
[2020-02-20 08:58:24,343] INFO [GroupMetadataManager brokerId=0] Removed 0 expired offsets in 0 milliseconds. (kafka.coordinator.group.GroupMetadataManager)
[2020-02-20 08:58:24,399] INFO [GroupMetadataManager brokerId=0] Removed 0 expired offsets in 0 milliseconds. (kafka.coordinator.group.GroupMetadataManager)
[2020-02-20 08:58:24,439] INFO [GroupMetadataManager brokerId=0] Removed 0 expired offsets in 0 milliseconds. (kafka.coordinator.group.GroupMetadataManager)
[2020-02-20 08:58:24,505] INFO [GroupMetadataManager brokerId=0] Removed 0 expired offsets in 0 milliseconds. (kafka.coordinator.group.GroupMetadataManager)
[2020-02-20 08:58:24,574] INFO [GroupMetadataManager brokerId=0] Removed 0 expired offsets in 0 milliseconds. (kafka.coordinator.group.GroupMetadataManager)
[2020-02-20 08:58:24,632] INFO [GroupMetadataManager brokerId=0] Removed 0 expired offsets in 0 milliseconds. (kafka.coordinator.group.GroupMetadataManager)
[2020-02-20 08:58:24,703] INFO [GroupMetadataManager brokerId=0] Removed 0 expired offsets in 6 milliseconds. (kafka.coordinator.group.GroupMetadataManager)
[2020-02-20 08:58:24,802] INFO [GroupMetadataManager brokerId=0] Removed 0 expired offsets in 0 milliseconds. (kafka.coordinator.group.GroupMetadataManager)
[2020-02-20 08:58:24,869] INFO [GroupMetadataManager brokerId=0] Removed 0 expired offsets in 0 milliseconds. (kafka.coordinator.group.GroupMetadataManager)
[2020-02-20 08:58:24,917] INFO [GroupMetadataManager brokerId=0] Removed 0 expired offsets in 0 milliseconds. (kafka.coordinator.group.GroupMetadataManager)
[2020-02-20 08:58:24,987] INFO [GroupMetadataManager brokerId=0] Removed 0 expired offsets in 2 milliseconds. (kafka.coordinator.group.GroupMetadataManager)
[2020-02-20 08:58:25,027] INFO [GroupMetadataManager brokerId=0] Removed 0 expired offsets in 0 milliseconds. (kafka.coordinator.group.GroupMetadataManager)
[2020-02-20 08:58:25,074] INFO [GroupMetadataManager brokerId=0] Removed 0 expired offsets in 1 milliseconds. (kafka.coordinator.group.GroupMetadataManager)
[2020-02-20 08:58:25,123] INFO [GroupMetadataManager brokerId=0] Removed 0 expired offsets in 1 milliseconds. (kafka.coordinator.group.GroupMetadataManager)
[2020-02-20 08:58:25,171] INFO [GroupMetadataManager brokerId=0] Removed 0 expired offsets in 1 milliseconds. (kafka.coordinator.group.GroupMetadataManager)
[2020-02-20 08:58:25,230] INFO [GroupMetadataManager brokerId=0] Removed 0 expired offsets in 1 milliseconds. (kafka.coordinator.group.GroupMetadataManager)
[2020-02-20 08:58:25,280] INFO [GroupMetadataManager brokerId=0] Removed 0 expired offsets in 0 milliseconds. (kafka.coordinator.group.GroupMetadataManager)
[2020-02-20 08:58:25,342] INFO [GroupMetadataManager brokerId=0] Removed 0 expired offsets in 0 milliseconds. (kafka.coordinator.group.GroupMetadataManager)
[2020-02-20 08:58:25,394] INFO [GroupMetadataManager brokerId=0] Removed 0 expired offsets in 0 milliseconds. (kafka.coordinator.group.GroupMetadataManager)
[2020-02-20 08:58:25,446] INFO [GroupMetadataManager brokerId=0] Removed 0 expired offsets in 0 milliseconds. (kafka.coordinator.group.GroupMetadataManager)
[2020-02-20 08:58:25,499] INFO [GroupMetadataManager brokerId=0] Removed 0 expired offsets in 0 milliseconds. (kafka.coordinator.group.GroupMetadataManager)
[2020-02-20 08:58:25,598] INFO [GroupMetadataManager brokerId=0] Removed 0 expired offsets in 0 milliseconds. (kafka.coordinator.group.GroupMetadataManager)
[2020-02-20 08:58:25,663] INFO [GroupMetadataManager brokerId=0] Removed 0 expired offsets in 0 milliseconds. (kafka.coordinator.group.GroupMetadataManager)
[2020-02-20 08:58:25,748] INFO [GroupMetadataManager brokerId=0] Removed 0 expired offsets in 0 milliseconds. (kafka.coordinator.group.GroupMetadataManager)
[2020-02-20 08:58:25,811] INFO [GroupMetadataManager brokerId=0] Removed 0 expired offsets in 0 milliseconds. (kafka.coordinator.group.GroupMetadataManager)
[2020-02-20 08:58:25,899] INFO [GroupMetadataManager brokerId=0] Removed 0 expired offsets in 0 milliseconds. (kafka.coordinator.group.GroupMetadataManager)
[2020-02-20 08:58:25,943] INFO [GroupMetadataManager brokerId=0] Removed 0 expired offsets in 1 milliseconds. (kafka.coordinator.group.GroupMetadataManager)
[2020-02-20 08:58:25,986] INFO [GroupMetadataManager brokerId=0] Removed 0 expired offsets in 0 milliseconds. (kafka.coordinator.group.GroupMetadataManager)
[2020-02-20 08:58:26,050] INFO [GroupMetadataManager brokerId=0] Removed 0 expired offsets in 0 milliseconds. (kafka.coordinator.group.GroupMetadataManager)
[2020-02-20 08:58:26,116] INFO [GroupMetadataManager brokerId=0] Removed 0 expired offsets in 0 milliseconds. (kafka.coordinator.group.GroupMetadataManager)
[2020-02-20 08:58:26,226] INFO [GroupMetadataManager brokerId=0] Removed 0 expired offsets in 0 milliseconds. (kafka.coordinator.group.GroupMetadataManager)
[2020-02-20 08:58:26,267] INFO [GroupMetadataManager brokerId=0] Removed 0 expired offsets in 0 milliseconds. (kafka.coordinator.group.GroupMetadataManager)
[2020-02-20 08:58:26,317] INFO [GroupMetadataManager brokerId=0] Removed 0 expired offsets in 0 milliseconds. (kafka.coordinator.group.GroupMetadataManager)
[2020-02-20 08:58:26,394] INFO [GroupMetadataManager brokerId=0] Removed 0 expired offsets in 2 milliseconds. (kafka.coordinator.group.GroupMetadataManager)
[2020-02-20 08:58:26,429] INFO [GroupMetadataManager brokerId=0] Removed 0 expired offsets in 0 milliseconds. (kafka.coordinator.group.GroupMetadataManager)
[2020-02-20 08:58:26,478] INFO [GroupMetadataManager brokerId=0] Removed 0 expired offsets in 1 milliseconds. (kafka.coordinator.group.GroupMetadataManager)
[2020-02-20 08:58:26,512] INFO [GroupMetadataManager brokerId=0] Removed 0 expired offsets in 1 milliseconds. (kafka.coordinator.group.GroupMetadataManager)
[2020-02-20 08:58:26,526] INFO [GroupMetadataManager brokerId=0] Removed 0 expired offsets in 1 milliseconds. (kafka.coordinator.group.GroupMetadataManager)
[2020-02-20 08:58:26,548] INFO [GroupMetadataManager brokerId=0] Removed 0 expired offsets in 0 milliseconds. (kafka.coordinator.group.GroupMetadataManager)
[2020-02-20 08:58:26,566] INFO [GroupMetadataManager brokerId=0] Removed 0 expired offsets in 1 milliseconds. (kafka.coordinator.group.GroupMetadataManager)
[2020-02-20 08:58:26,583] INFO [GroupMetadataManager brokerId=0] Removed 0 expired offsets in 0 milliseconds. (kafka.coordinator.group.GroupMetadataManager)
[2020-02-20 08:58:26,614] INFO [GroupMetadataManager brokerId=0] Removed 0 expired offsets in 1 milliseconds. (kafka.coordinator.group.GroupMetadataManager)
[2020-02-20 08:58:26,635] INFO [GroupMetadataManager brokerId=0] Removed 0 expired offsets in 0 milliseconds. (kafka.coordinator.group.GroupMetadataManager)
[2020-02-20 08:58:26,652] INFO [GroupMetadataManager brokerId=0] Removed 0 expired offsets in 0 milliseconds. (kafka.coordinator.group.GroupMetadataManager)
[2020-02-20 08:58:26,691] INFO [GroupMetadataManager brokerId=0] Removed 0 expired offsets in 0 milliseconds. (kafka.coordinator.group.GroupMetadataManager)
[2020-02-20 08:58:26,720] INFO [GroupMetadataManager brokerId=0] Removed 0 expired offsets in 0 milliseconds. (kafka.coordinator.group.GroupMetadataManager)
[2020-02-20 08:58:26,729] INFO [GroupMetadataManager brokerId=0] Removed 0 expired offsets in 0 milliseconds. (kafka.coordinator.group.GroupMetadataManager)
[2020-02-20 08:58:26,744] INFO [GroupMetadataManager brokerId=0] Removed 0 expired offsets in 1 milliseconds. (kafka.coordinator.group.GroupMetadataManager)
[2020-02-20 08:58:26,762] INFO [GroupMetadataManager brokerId=0] Removed 0 expired offsets in 0 milliseconds. (kafka.coordinator.group.GroupMetadataManager)
[2020-02-20 08:58:26,782] INFO [GroupMetadataManager brokerId=0] Removed 0 expired offsets in 0 milliseconds. (kafka.coordinator.group.GroupMetadataManager)
[2020-02-20 08:58:26,820] INFO [GroupMetadataManager brokerId=0] Removed 0 expired offsets in 0 milliseconds. (kafka.coordinator.group.GroupMetadataManager)
[2020-02-20 08:58:26,851] INFO [GroupMetadataManager brokerId=0] Removed 0 expired offsets in 0 milliseconds. (kafka.coordinator.group.GroupMetadataManager)
[2020-02-20 08:58:26,922] INFO [GroupMetadataManager brokerId=0] Removed 0 expired offsets in 0 milliseconds. (kafka.coordinator.group.GroupMetadataManager)
[2020-02-20 08:58:26,946] INFO [GroupMetadataManager brokerId=0] Removed 0 expired offsets in 0 milliseconds. (kafka.coordinator.group.GroupMetadataManager)
[2020-02-20 08:58:26,960] INFO [GroupMetadataManager brokerId=0] Removed 0 expired offsets in 0 milliseconds. (kafka.coordinator.group.GroupMetadataManager)
[2020-02-20 08:58:26,971] INFO [GroupMetadataManager brokerId=0] Removed 0 expired offsets in 1 milliseconds. (kafka.coordinator.group.GroupMetadataManager)
[2020-02-20 08:58:26,987] INFO [GroupMetadataManager brokerId=0] Removed 0 expired offsets in 0 milliseconds. (kafka.coordinator.group.GroupMetadataManager)
[2020-02-20 08:58:27,011] INFO [GroupMetadataManager brokerId=0] Removed 0 expired offsets in 0 milliseconds. (kafka.coordinator.group.GroupMetadataManager)
[2020-02-20 08:58:27,015] INFO [GroupMetadataManager brokerId=0] Removed 0 expired offsets in 0 milliseconds. (kafka.coordinator.group.GroupMetadataManager)
[2020-02-20 08:58:27,033] INFO [GroupMetadataManager brokerId=0] Removed 0 expired offsets in 0 milliseconds. (kafka.coordinator.group.GroupMetadataManager)
[2020-02-20 08:58:27,036] INFO [GroupMetadataManager brokerId=0] Removed 0 expired offsets in 0 milliseconds. (kafka.coordinator.group.GroupMetadataManager)
[2020-02-20 08:58:27,039] INFO [GroupMetadataManager brokerId=0] Removed 0 expired offsets in 0 milliseconds. (kafka.coordinator.group.GroupMetadataManager)
[2020-02-20 08:58:27,047] INFO [GroupMetadataManager brokerId=0] Removed 0 expired offsets in 0 milliseconds. (kafka.coordinator.group.GroupMetadataManager)
[2020-02-20 08:58:27,051] INFO [GroupMetadataManager brokerId=0] Removed 0 expired offsets in 0 milliseconds. (kafka.coordinator.group.GroupMetadataManager)
[2020-02-20 08:58:27,068] INFO [GroupMetadataManager brokerId=0] Removed 0 expired offsets in 0 milliseconds. (kafka.coordinator.group.GroupMetadataManager)
[2020-02-20 08:58:27,105] INFO [GroupMetadataManager brokerId=0] Removed 0 expired offsets in 0 milliseconds. (kafka.coordinator.group.GroupMetadataManager)
[2020-02-20 08:58:27,153] INFO [GroupMetadataManager brokerId=0] Removed 0 expired offsets in 0 milliseconds. (kafka.coordinator.group.GroupMetadataManager)
[2020-02-20 08:58:27,183] INFO [GroupMetadataManager brokerId=0] Removed 0 expired offsets in 0 milliseconds. (kafka.coordinator.group.GroupMetadataManager)
[2020-02-20 08:58:27,235] INFO [GroupMetadataManager brokerId=0] Removed 0 expired offsets in 0 milliseconds. (kafka.coordinator.group.GroupMetadataManager)
[2020-02-20 08:58:27,265] INFO [GroupMetadataManager brokerId=0] Removed 0 expired offsets in 1 milliseconds. (kafka.coordinator.group.GroupMetadataManager)
[2020-02-20 08:58:27,314] INFO [GroupMetadataManager brokerId=0] Removed 0 expired offsets in 0 milliseconds. (kafka.coordinator.group.GroupMetadataManager)
[2020-02-20 08:58:27,344] INFO [GroupMetadataManager brokerId=0] Removed 0 expired offsets in 1 milliseconds. (kafka.coordinator.group.GroupMetadataManager)
[2020-02-20 08:58:27,387] INFO [GroupMetadataManager brokerId=0] Removed 0 expired offsets in 0 milliseconds. (kafka.coordinator.group.GroupMetadataManager)
[2020-02-20 08:58:27,431] INFO [GroupMetadataManager brokerId=0] Removed 0 expired offsets in 0 milliseconds. (kafka.coordinator.group.GroupMetadataManager)
[2020-02-20 08:58:27,443] INFO [GroupMetadataManager brokerId=0] Removed 0 expired offsets in 0 milliseconds. (kafka.coordinator.group.GroupMetadataManager)
[2020-02-20 08:58:27,484] INFO [GroupMetadataManager brokerId=0] Removed 0 expired offsets in 0 milliseconds. (kafka.coordinator.group.GroupMetadataManager)
[2020-02-20 08:58:27,578] INFO [GroupMetadataManager brokerId=0] Removed 0 expired offsets in 1 milliseconds. (kafka.coordinator.group.GroupMetadataManager)
[2020-02-20 08:58:27,611] INFO [GroupMetadataManager brokerId=0] Removed 0 expired offsets in 0 milliseconds. (kafka.coordinator.group.GroupMetadataManager)
[2020-02-20 08:58:27,629] INFO [GroupMetadataManager brokerId=0] Removed 0 expired offsets in 0 milliseconds. (kafka.coordinator.group.GroupMetadataManager)
[2020-02-20 08:58:27,645] INFO [GroupMetadataManager brokerId=0] Removed 0 expired offsets in 1 milliseconds. (kafka.coordinator.group.GroupMetadataManager)
[2020-02-20 08:58:27,650] INFO [GroupMetadataManager brokerId=0] Removed 0 expired offsets in 0 milliseconds. (kafka.coordinator.group.GroupMetadataManager)
[2020-02-20 09:06:22,447] INFO [GroupMetadataManager brokerId=0] Removed 0 expired offsets in 0 milliseconds. (kafka.coordinator.group.GroupMetadataManager)
[2020-02-20 09:16:22,447] INFO [GroupMetadataManager brokerId=0] Removed 0 expired offsets in 0 milliseconds. (kafka.coordinator.group.GroupMetadataManager)
[2020-02-20 09:26:22,446] INFO [GroupMetadataManager brokerId=0] Removed 0 expired offsets in 0 milliseconds. (kafka.coordinator.group.GroupMetadataManager)
[2020-02-20 09:36:22,460] INFO [GroupMetadataManager brokerId=0] Removed 0 expired offsets in 0 milliseconds. (kafka.coordinator.group.GroupMetadataManager)
[2020-02-20 09:40:32,638] INFO [GroupCoordinator 0]: Member consumer-7-3c429c61-5201-4864-9846-1fe3c79117b4 in group group_id has left, removing it from the group (kafka.coordinator.group.GroupCoordinator)
[2020-02-20 09:40:32,639] INFO [GroupCoordinator 0]: Preparing to rebalance group group_id in state PreparingRebalance with old generation 145 (__consumer_offsets-13) (reason: removing member consumer-7-3c429c61-5201-4864-9846-1fe3c79117b4 on LeaveGroup) (kafka.coordinator.group.GroupCoordinator)
[2020-02-20 09:40:34,927] INFO [GroupCoordinator 0]: Stabilized group group_id generation 146 (__consumer_offsets-13) (kafka.coordinator.group.GroupCoordinator)
[2020-02-20 09:40:34,929] INFO [GroupCoordinator 0]: Assignment received from leader for group group_id for generation 146 (kafka.coordinator.group.GroupCoordinator)
[2020-02-20 09:40:46,552] INFO [GroupCoordinator 0]: Preparing to rebalance group group_id in state PreparingRebalance with old generation 146 (__consumer_offsets-13) (reason: Adding new member consumer-8-56b4389b-29ce-423a-9187-8ccd22b0d1ad) (kafka.coordinator.group.GroupCoordinator)
[2020-02-20 09:40:46,937] INFO [GroupCoordinator 0]: Stabilized group group_id generation 147 (__consumer_offsets-13) (kafka.coordinator.group.GroupCoordinator)
[2020-02-20 09:40:47,135] INFO [GroupCoordinator 0]: Assignment received from leader for group group_id for generation 147 (kafka.coordinator.group.GroupCoordinator)
